\BOOKMARK [1][-]{section*.1}{\376\377\000A\000b\000s\000t\000r\000a\000c\000t}{}% 1
\BOOKMARK [1][-]{section.1}{\376\377\0001\000\040\000I\000n\000t\000r\000o\000d\000u\000c\000t\000i\000o\000n}{}% 2
\BOOKMARK [1][-]{section.2}{\376\377\0002\000\040\000B\000a\000c\000k\000g\000r\000o\000u\000n\000d}{}% 3
\BOOKMARK [2][-]{subsection.2.1}{\376\377\0002\000.\0001\000\040\000G\000r\000a\000p\000h\000\040\000E\000m\000b\000e\000d\000d\000i\000n\000g\000\040\000A\000l\000g\000o\000r\000i\000t\000h\000m\000s}{section.2}% 4
\BOOKMARK [2][-]{subsection.2.2}{\376\377\0002\000.\0002\000\040\000G\000r\000a\000p\000h\000\040\000N\000e\000u\000r\000a\000l\000\040\000N\000e\000t\000w\000o\000r\000k\000s}{section.2}% 5
\BOOKMARK [1][-]{section.3}{\376\377\0003\000\040\000A\000t\000t\000a\000c\000k\000\040\000T\000a\000x\000o\000n\000o\000m\000y}{}% 6
\BOOKMARK [2][-]{subsection.3.1}{\376\377\0003\000.\0001\000\040\000M\000e\000m\000b\000e\000r\000s\000h\000i\000p\000\040\000I\000n\000f\000e\000r\000e\000n\000c\000e\000\040\000A\000t\000t\000a\000c\000k\000s}{section.3}% 7
\BOOKMARK [2][-]{subsection.3.2}{\376\377\0003\000.\0002\000\040\000G\000r\000a\000p\000h\000\040\000R\000e\000c\000o\000n\000s\000t\000r\000u\000c\000t\000i\000o\000n\000\040\000A\000t\000t\000a\000c\000k}{section.3}% 8
\BOOKMARK [2][-]{subsection.3.3}{\376\377\0003\000.\0003\000\040\000A\000t\000t\000r\000i\000b\000u\000t\000e\000\040\000I\000n\000f\000e\000r\000e\000n\000c\000e\000\040\000A\000t\000t\000a\000c\000k}{section.3}% 9
\BOOKMARK [1][-]{section.4}{\376\377\0004\000\040\000E\000x\000p\000e\000r\000i\000m\000e\000n\000t\000\040\000S\000e\000t\000u\000p}{}% 10
\BOOKMARK [2][-]{subsection.4.1}{\376\377\0004\000.\0001\000\040\000D\000a\000t\000a\000s\000e\000t\000s}{section.4}% 11
\BOOKMARK [2][-]{subsection.4.2}{\376\377\0004\000.\0002\000\040\000E\000m\000b\000e\000d\000d\000i\000n\000g\000\040\000A\000l\000g\000o\000r\000i\000t\000h\000m\000s}{section.4}% 12
\BOOKMARK [2][-]{subsection.4.3}{\376\377\0004\000.\0003\000\040\000M\000e\000t\000r\000i\000c\000s}{section.4}% 13
\BOOKMARK [2][-]{subsection.4.4}{\376\377\0004\000.\0004\000\040\000M\000e\000t\000h\000o\000d\000o\000l\000o\000g\000y}{section.4}% 14
\BOOKMARK [1][-]{section.5}{\376\377\0005\000\040\000E\000v\000a\000l\000u\000a\000t\000i\000o\000n}{}% 15
\BOOKMARK [2][-]{subsection.5.1}{\376\377\0005\000.\0001\000\040\000M\000e\000m\000b\000e\000r\000s\000h\000i\000p\000\040\000I\000n\000f\000e\000r\000e\000n\000c\000e\000\040\000A\000t\000t\000a\000c\000k\000\040\000f\000r\000o\000m\000\040\000O\000u\000t\000p\000u\000t\000\040\000P\000r\000e\000d\000i\000c\000t\000i\000o\000n\000s\000\040\000\050\000B\000l\000a\000c\000k\000b\000o\000x\000\051}{section.5}% 16
\BOOKMARK [2][-]{subsection.5.2}{\376\377\0005\000.\0002\000\040\000M\000e\000m\000b\000e\000r\000s\000h\000i\000p\000\040\000I\000n\000f\000e\000r\000e\000n\000c\000e\000\040\000A\000t\000t\000a\000c\000k\000\040\000f\000r\000o\000m\000\040\000G\000r\000a\000p\000h\000\040\000E\000m\000b\000e\000d\000d\000i\000n\000g\000s\000\040\000\050\000W\000h\000i\000t\000e\000b\000o\000x\000\051}{section.5}% 17
\BOOKMARK [2][-]{subsection.5.3}{\376\377\0005\000.\0003\000\040\000G\000r\000a\000p\000h\000\040\000R\000e\000c\000o\000n\000s\000t\000r\000u\000c\000t\000i\000o\000n\000\040\000A\000t\000t\000a\000c\000k}{section.5}% 18
\BOOKMARK [2][-]{subsection.5.4}{\376\377\0005\000.\0004\000\040\000L\000i\000n\000k\000\040\000I\000n\000f\000e\000r\000e\000n\000c\000e\000\040\000A\000t\000t\000a\000c\000k}{section.5}% 19
\BOOKMARK [2][-]{subsection.5.5}{\376\377\0005\000.\0005\000\040\000A\000t\000t\000r\000i\000b\000u\000t\000e\000\040\000I\000n\000f\000e\000r\000e\000n\000c\000e\000\040\000A\000t\000t\000a\000c\000k}{section.5}% 20
\BOOKMARK [1][-]{section.6}{\376\377\0006\000\040\000R\000e\000l\000a\000t\000e\000d\000\040\000W\000o\000r\000k}{}% 21
\BOOKMARK [1][-]{section.7}{\376\377\0007\000\040\000D\000i\000s\000c\000u\000s\000s\000i\000o\000n\000s\000\040\000a\000n\000d\000\040\000C\000o\000n\000c\000l\000u\000s\000i\000o\000n\000s}{}% 22
\BOOKMARK [1][-]{section*.15}{\376\377\000R\000e\000f\000e\000r\000e\000n\000c\000e\000s}{}% 23
